<?xml version="1.0" encoding="UTF-8"?>
<!-- Generated by org.testng.reporters.JUnitXMLReporter -->
<testsuite hostname="LN05Y9QLD88496" ignored="0" name="Test" tests="3" failures="0" timestamp="07 Dec 2017 20:24:36 GMT" time="0.46" errors="0">
  <testcase name="startTest2" time="0.292" classname="pdfDownload.download"/>
  <testcase name="startTest3" time="0.355" classname="pdfDownload.download"/>
  <testcase name="startTest1" time="0.419" classname="pdfDownload.download"/>
</testsuite> <!-- Test -->
