<?xml version="1.0" encoding="UTF-8"?>
<testng-results skipped="0" failed="0" ignored="0" total="1" passed="1">
  <reporter-output>
  </reporter-output>
  <suite name="Default suite" duration-ms="7574" started-at="2017-12-08T03:51:16Z" finished-at="2017-12-08T03:51:24Z">
    <groups>
    </groups>
    <test name="Default test" duration-ms="7574" started-at="2017-12-08T03:51:16Z" finished-at="2017-12-08T03:51:24Z">
      <class name="com.test.utility.PDFUtilTest">
        <test-method status="PASS" signature="setUp()[pri:0, instance:com.test.utility.PDFUtilTest@52e04737]" name="setUp" is-config="true" duration-ms="219" started-at="2017-12-07T19:51:16Z" finished-at="2017-12-07T19:51:16Z">
          <reporter-output>
          </reporter-output>
        </test-method> <!-- setUp -->
        <test-method status="PASS" signature="comparePDFImageModeDiff()[pri:0, instance:com.test.utility.PDFUtilTest@52e04737]" name="comparePDFImageModeDiff" duration-ms="7546" started-at="2017-12-07T19:51:16Z" finished-at="2017-12-07T19:51:24Z">
          <reporter-output>
          </reporter-output>
        </test-method> <!-- comparePDFImageModeDiff -->
        <test-method status="PASS" signature="getResult(org.testng.ITestResult)[pri:0, instance:com.test.utility.PDFUtilTest@52e04737]" name="getResult" is-config="true" duration-ms="0" started-at="2017-12-07T19:51:24Z" finished-at="2017-12-07T19:51:24Z">
          <params>
            <param index="0">
              <value>
                <![CDATA[[TestResult name=comparePDFImageModeDiff status=SUCCESS method=PDFUtilTest.comparePDFImageModeDiff()[pri:0, instance:com.test.utility.PDFUtilTest@52e04737] output={null}]]]>
              </value>
            </param>
          </params>
          <reporter-output>
          </reporter-output>
        </test-method> <!-- getResult -->
        <test-method status="PASS" signature="tearDown()[pri:0, instance:com.test.utility.PDFUtilTest@52e04737]" name="tearDown" is-config="true" duration-ms="510" started-at="2017-12-07T19:51:24Z" finished-at="2017-12-07T19:51:24Z">
          <reporter-output>
          </reporter-output>
        </test-method> <!-- tearDown -->
      </class> <!-- com.test.utility.PDFUtilTest -->
    </test> <!-- Default test -->
  </suite> <!-- Default suite -->
</testng-results>
